Loading data from "../data/", dataset = "order" 
"n_users": 34555, "n_items": 86237, "n_clicks": 820409
"time span": 2016.12.29 - 2018.03.06
Done! [10.54 s]

Filling repeat info ..................
"repeat consumption": 115548 (0.1408)
"average repeat interval": 0.35 d
Done! [0.81 s]

Loading train data...
Done! [0.88 s]
Loading dev data...
Done! [41.06 s]
Loading test data...
Done! [42.72 s]

Load completed!

arguments:
Namespace(K=100, batch_size=256, cf='BPR', dataset='order', dropout=0.2, epoch=200, gpu='3', item_min=5, l2=0.0001, layers='[100,50]', lr=5e-05, model='../model/SLRC/', path='../data/', random_seed=2018, reg_layers='[1e-4,1e-4]', restore=False, time_bin=100, topk='[5,10]', user_min=5)

Fold 0
Training start...
#params: 12510387
Epoch 1   loss=0.6372 [49.0 s]	validation=(ndcg:0.2168), test=(ndcg:0.2089) [41.2 s]
Epoch 2   loss=0.6325 [36.2 s]	validation=(ndcg:0.2237), test=(ndcg:0.2146) [29.6 s]
Epoch 3   loss=0.6279 [36.9 s]	validation=(ndcg:0.2490), test=(ndcg:0.2398) [14.6 s]
Epoch 4   loss=0.6221 [36.2 s]	validation=(ndcg:0.2766), test=(ndcg:0.2629) [15.1 s]
Epoch 5   loss=0.6133 [36.7 s]	validation=(ndcg:0.2886), test=(ndcg:0.2721) [14.7 s]
Epoch 6   loss=0.6000 [35.6 s]	validation=(ndcg:0.2936), test=(ndcg:0.2764) [24.4 s]
Epoch 7   loss=0.5816 [36.8 s]	validation=(ndcg:0.2963), test=(ndcg:0.2785) [14.3 s]
Epoch 8   loss=0.5588 [36.4 s]	validation=(ndcg:0.2978), test=(ndcg:0.2803) [14.9 s]
Epoch 9   loss=0.5329 [35.9 s]	validation=(ndcg:0.2984), test=(ndcg:0.2815) [14.3 s]
Epoch 10  loss=0.5055 [43.9 s]	validation=(ndcg:0.2987), test=(ndcg:0.2816) [24.8 s]
Epoch 11  loss=0.4780 [38.6 s]	validation=(ndcg:0.2983), test=(ndcg:0.2805) [19.3 s]
Epoch 12  loss=0.4518 [36.1 s]	validation=(ndcg:0.2969), test=(ndcg:0.2792) [16.8 s]
Epoch 13  loss=0.4277 [49.8 s]	validation=(ndcg:0.2954), test=(ndcg:0.2769) [25.2 s]
Epoch 14  loss=0.4057 [35.7 s]	validation=(ndcg:0.2938), test=(ndcg:0.2752) [22.4 s]
Epoch 15  loss=0.3862 [53.9 s]	validation=(ndcg:0.2929), test=(ndcg:0.2748) [27.5 s]
Epoch 16  loss=0.3685 [36.4 s]	validation=(ndcg:0.2921), test=(ndcg:0.2737) [19.8 s]
Epoch 17  loss=0.3532 [40.6 s]	validation=(ndcg:0.2918), test=(ndcg:0.2733) [26.9 s]
Epoch 18  loss=0.3397 [50.7 s]	validation=(ndcg:0.2919), test=(ndcg:0.2725) [20.7 s]
Epoch 19  loss=0.3269 [37.8 s]	validation=(ndcg:0.2914), test=(ndcg:0.2731) [13.4 s]
Epoch 20  loss=0.3157 [46.1 s]	validation=(ndcg:0.2919), test=(ndcg:0.2726) [16.4 s]
Epoch 21  loss=0.3063 [34.7 s]	validation=(ndcg:0.2916), test=(ndcg:0.2723) [23.4 s]
Epoch 22  loss=0.2980 [54.6 s]	validation=(ndcg:0.2919), test=(ndcg:0.2726) [22.8 s]
Epoch 23  loss=0.2900 [35.2 s]	validation=(ndcg:0.2925), test=(ndcg:0.2727) [23.4 s]
Epoch 24  loss=0.2828 [40.0 s]	validation=(ndcg:0.2931), test=(ndcg:0.2730) [13.6 s]
Epoch 25  loss=0.2760 [35.4 s]	validation=(ndcg:0.2931), test=(ndcg:0.2735) [20.4 s]
Epoch 26  loss=0.2696 [35.0 s]	validation=(ndcg:0.2937), test=(ndcg:0.2737) [15.8 s]
Epoch 27  loss=0.2641 [37.1 s]	validation=(ndcg:0.2945), test=(ndcg:0.2742) [13.8 s]
Epoch 28  loss=0.2578 [35.0 s]	validation=(ndcg:0.2947), test=(ndcg:0.2744) [16.3 s]
Epoch 29  loss=0.2522 [36.3 s]	validation=(ndcg:0.2952), test=(ndcg:0.2751) [17.9 s]
Epoch 30  loss=0.2479 [46.4 s]	validation=(ndcg:0.2956), test=(ndcg:0.2751) [12.2 s]
Epoch 31  loss=0.2432 [35.9 s]	validation=(ndcg:0.2963), test=(ndcg:0.2757) [14.5 s]
Epoch 32  loss=0.2387 [44.1 s]	validation=(ndcg:0.2968), test=(ndcg:0.2758) [18.3 s]
Epoch 33  loss=0.2346 [46.5 s]	validation=(ndcg:0.2971), test=(ndcg:0.2761) [23.2 s]
Epoch 34  loss=0.2306 [42.1 s]	validation=(ndcg:0.2971), test=(ndcg:0.2766) [13.4 s]
Epoch 35  loss=0.2264 [56.4 s]	validation=(ndcg:0.2971), test=(ndcg:0.2767) [22.3 s]
Epoch 36  loss=0.2233 [38.2 s]	validation=(ndcg:0.2975), test=(ndcg:0.2773) [17.9 s]
Epoch 37  loss=0.2193 [35.6 s]	validation=(ndcg:0.2975), test=(ndcg:0.2776) [12.6 s]
Epoch 38  loss=0.2155 [36.3 s]	validation=(ndcg:0.2980), test=(ndcg:0.2779) [12.7 s]
Epoch 39  loss=0.2127 [35.4 s]	validation=(ndcg:0.2981), test=(ndcg:0.2781) [14.1 s]
Epoch 40  loss=0.2107 [36.4 s]	validation=(ndcg:0.2985), test=(ndcg:0.2785) [44.8 s]
Epoch 41  loss=0.2063 [36.1 s]	validation=(ndcg:0.2986), test=(ndcg:0.2787) [15.2 s]
Epoch 42  loss=0.2035 [41.4 s]	validation=(ndcg:0.2993), test=(ndcg:0.2790) [22.7 s]
Epoch 43  loss=0.2008 [47.5 s]	validation=(ndcg:0.2998), test=(ndcg:0.2795) [16.0 s]
Epoch 44  loss=0.1991 [45.7 s]	validation=(ndcg:0.3004), test=(ndcg:0.2796) [55.3 s]
Epoch 45  loss=0.1959 [47.8 s]	validation=(ndcg:0.3007), test=(ndcg:0.2798) [26.7 s]
Epoch 46  loss=0.1946 [35.4 s]	validation=(ndcg:0.3010), test=(ndcg:0.2799) [14.1 s]
Epoch 47  loss=0.1910 [35.9 s]	validation=(ndcg:0.3012), test=(ndcg:0.2809) [15.1 s]
Epoch 48  loss=0.1890 [35.6 s]	validation=(ndcg:0.3014), test=(ndcg:0.2811) [67.8 s]
Epoch 49  loss=0.1869 [54.5 s]	validation=(ndcg:0.3017), test=(ndcg:0.2810) [18.9 s]
Epoch 50  loss=0.1845 [35.9 s]	validation=(ndcg:0.3019), test=(ndcg:0.2815) [14.7 s]
Epoch 51  loss=0.1818 [59.5 s]	validation=(ndcg:0.3020), test=(ndcg:0.2815) [43.8 s]
Epoch 52  loss=0.1805 [37.1 s]	validation=(ndcg:0.3023), test=(ndcg:0.2819) [17.5 s]
Epoch 53  loss=0.1789 [36.0 s]	validation=(ndcg:0.3028), test=(ndcg:0.2822) [14.1 s]
Epoch 54  loss=0.1773 [36.0 s]	validation=(ndcg:0.3027), test=(ndcg:0.2823) [13.7 s]
Epoch 55  loss=0.1753 [36.1 s]	validation=(ndcg:0.3029), test=(ndcg:0.2820) [39.3 s]
Epoch 56  loss=0.1731 [53.0 s]	validation=(ndcg:0.3032), test=(ndcg:0.2820) [16.2 s]
Epoch 57  loss=0.1711 [44.8 s]	validation=(ndcg:0.3034), test=(ndcg:0.2826) [17.4 s]
Epoch 58  loss=0.1696 [35.5 s]	validation=(ndcg:0.3036), test=(ndcg:0.2829) [14.6 s]
Epoch 59  loss=0.1684 [43.9 s]	validation=(ndcg:0.3043), test=(ndcg:0.2829) [41.7 s]
Epoch 60  loss=0.1663 [35.3 s]	validation=(ndcg:0.3043), test=(ndcg:0.2832) [15.0 s]
Epoch 61  loss=0.1642 [40.6 s]	validation=(ndcg:0.3047), test=(ndcg:0.2833) [15.0 s]
Epoch 62  loss=0.1630 [35.8 s]	validation=(ndcg:0.3049), test=(ndcg:0.2834) [15.7 s]
Epoch 63  loss=0.1615 [36.2 s]	validation=(ndcg:0.3051), test=(ndcg:0.2837) [25.7 s]
Epoch 64  loss=0.1600 [50.2 s]	validation=(ndcg:0.3048), test=(ndcg:0.2840) [14.2 s]
Epoch 65  loss=0.1587 [39.8 s]	validation=(ndcg:0.3048), test=(ndcg:0.2842) [25.4 s]
Epoch 66  loss=0.1573 [42.0 s]	validation=(ndcg:0.3049), test=(ndcg:0.2841) [13.9 s]
Epoch 67  loss=0.1564 [35.7 s]	validation=(ndcg:0.3051), test=(ndcg:0.2840) [22.0 s]
Epoch 68  loss=0.1551 [35.4 s]	validation=(ndcg:0.3054), test=(ndcg:0.2842) [14.7 s]
Epoch 69  loss=0.1533 [36.1 s]	validation=(ndcg:0.3053), test=(ndcg:0.2838) [12.9 s]
Epoch 70  loss=0.1515 [49.0 s]	validation=(ndcg:0.3057), test=(ndcg:0.2841) [26.3 s]
Epoch 71  loss=0.1507 [37.3 s]	validation=(ndcg:0.3059), test=(ndcg:0.2844) [18.4 s]
Epoch 72  loss=0.1489 [56.9 s]	validation=(ndcg:0.3063), test=(ndcg:0.2847) [14.8 s]
Epoch 73  loss=0.1479 [39.1 s]	validation=(ndcg:0.3064), test=(ndcg:0.2849) [15.0 s]
Epoch 74  loss=0.1464 [35.5 s]	validation=(ndcg:0.3063), test=(ndcg:0.2850) [20.5 s]
Epoch 75  loss=0.1458 [35.8 s]	validation=(ndcg:0.3065), test=(ndcg:0.2853) [21.4 s]
Epoch 76  loss=0.1444 [50.8 s]	validation=(ndcg:0.3064), test=(ndcg:0.2853) [13.8 s]
Epoch 77  loss=0.1421 [37.5 s]	validation=(ndcg:0.3063), test=(ndcg:0.2857) [16.6 s]
Epoch 78  loss=0.1413 [43.0 s]	validation=(ndcg:0.3066), test=(ndcg:0.2853) [20.7 s]
Epoch 79  loss=0.1395 [37.9 s]	validation=(ndcg:0.3072), test=(ndcg:0.2859) [15.8 s]
Epoch 80  loss=0.1390 [43.0 s]	validation=(ndcg:0.3073), test=(ndcg:0.2860) [22.9 s]
Epoch 81  loss=0.1380 [35.1 s]	validation=(ndcg:0.3075), test=(ndcg:0.2861) [14.6 s]
Epoch 82  loss=0.1366 [48.5 s]	validation=(ndcg:0.3075), test=(ndcg:0.2861) [28.9 s]
Epoch 83  loss=0.1350 [48.8 s]	validation=(ndcg:0.3076), test=(ndcg:0.2865) [27.0 s]
Epoch 84  loss=0.1350 [41.1 s]	validation=(ndcg:0.3070), test=(ndcg:0.2865) [22.4 s]
Epoch 85  loss=0.1340 [49.8 s]	validation=(ndcg:0.3073), test=(ndcg:0.2865) [907.8 s]
Epoch 86  loss=0.1318 [64.9 s]	validation=(ndcg:0.3077), test=(ndcg:0.2864) [28.3 s]
Epoch 87  loss=0.1306 [38.9 s]	validation=(ndcg:0.3074), test=(ndcg:0.2863) [19.4 s]
Epoch 88  loss=0.1298 [36.5 s]	validation=(ndcg:0.3076), test=(ndcg:0.2863) [15.7 s]
Epoch 89  loss=0.1282 [45.0 s]	validation=(ndcg:0.3074), test=(ndcg:0.2865) [221.3 s]
Epoch 90  loss=0.1273 [35.4 s]	validation=(ndcg:0.3072), test=(ndcg:0.2865) [13.5 s]
Epoch 91  loss=0.1261 [35.6 s]	validation=(ndcg:0.3075), test=(ndcg:0.2863) [21.7 s]
Epoch 92  loss=0.1249 [35.5 s]	validation=(ndcg:0.3077), test=(ndcg:0.2864) [14.3 s]
Epoch 93  loss=0.1245 [35.9 s]	validation=(ndcg:0.3078), test=(ndcg:0.2868) [73.7 s]
Epoch 94  loss=0.1231 [39.4 s]	validation=(ndcg:0.3082), test=(ndcg:0.2866) [77.4 s]
Epoch 95  loss=0.1218 [64.0 s]	validation=(ndcg:0.3083), test=(ndcg:0.2865) [18.7 s]
Epoch 96  loss=0.1208 [46.4 s]	validation=(ndcg:0.3082), test=(ndcg:0.2868) [27.1 s]
Epoch 97  loss=0.1203 [66.4 s]	validation=(ndcg:0.3080), test=(ndcg:0.2868) [750.6 s]
Epoch 98  loss=0.1184 [66.5 s]	validation=(ndcg:0.3081), test=(ndcg:0.2872) [17.7 s]
Epoch 99  loss=0.1170 [50.2 s]	validation=(ndcg:0.3084), test=(ndcg:0.2871) [22.2 s]
Epoch 100 loss=0.1165 [35.6 s]	validation=(ndcg:0.3085), test=(ndcg:0.2875) [14.9 s]
Epoch 101 loss=0.1157 [43.4 s]	validation=(ndcg:0.3088), test=(ndcg:0.2876) [34.2 s]
Epoch 102 loss=0.1140 [65.2 s]	validation=(ndcg:0.3090), test=(ndcg:0.2877) [14.7 s]
Epoch 103 loss=0.1138 [36.8 s]	validation=(ndcg:0.3093), test=(ndcg:0.2873) [14.8 s]
Epoch 104 loss=0.1118 [36.3 s]	validation=(ndcg:0.3092), test=(ndcg:0.2881) [19.7 s]
Epoch 105 loss=0.1115 [36.8 s]	validation=(ndcg:0.3090), test=(ndcg:0.2879) [14.1 s]
Epoch 106 loss=0.1102 [36.0 s]	validation=(ndcg:0.3091), test=(ndcg:0.2878) [13.1 s]
Epoch 107 loss=0.1088 [36.3 s]	validation=(ndcg:0.3094), test=(ndcg:0.2876) [14.3 s]
Epoch 108 loss=0.1079 [36.2 s]	validation=(ndcg:0.3093), test=(ndcg:0.2879) [18.8 s]
Epoch 109 loss=0.1071 [36.0 s]	validation=(ndcg:0.3095), test=(ndcg:0.2878) [14.1 s]
Epoch 110 loss=0.1060 [36.1 s]	validation=(ndcg:0.3094), test=(ndcg:0.2882) [17.1 s]
Epoch 111 loss=0.1054 [37.9 s]	validation=(ndcg:0.3095), test=(ndcg:0.2884) [15.3 s]
Epoch 112 loss=0.1043 [36.6 s]	validation=(ndcg:0.3100), test=(ndcg:0.2882) [26.6 s]
Epoch 113 loss=0.1030 [37.0 s]	validation=(ndcg:0.3101), test=(ndcg:0.2885) [15.2 s]
Epoch 114 loss=0.1019 [36.2 s]	validation=(ndcg:0.3096), test=(ndcg:0.2890) [13.6 s]
Epoch 115 loss=0.1008 [45.7 s]	validation=(ndcg:0.3093), test=(ndcg:0.2888) [13.5 s]
Epoch 116 loss=0.0999 [35.7 s]	validation=(ndcg:0.3096), test=(ndcg:0.2889) [94.7 s]
Epoch 117 loss=0.0991 [35.7 s]	validation=(ndcg:0.3096), test=(ndcg:0.2892) [13.9 s]
Epoch 118 loss=0.0982 [36.7 s]	validation=(ndcg:0.3101), test=(ndcg:0.2893) [14.5 s]
Epoch 119 loss=0.0973 [36.6 s]	validation=(ndcg:0.3102), test=(ndcg:0.2898) [15.4 s]
Epoch 120 loss=0.0958 [48.1 s]	validation=(ndcg:0.3101), test=(ndcg:0.2898) [41.7 s]
Epoch 121 loss=0.0947 [36.2 s]	validation=(ndcg:0.3101), test=(ndcg:0.2896) [15.4 s]
Epoch 122 loss=0.0950 [37.3 s]	validation=(ndcg:0.3101), test=(ndcg:0.2895) [13.4 s]
Epoch 123 loss=0.0942 [36.3 s]	validation=(ndcg:0.3098), test=(ndcg:0.2900) [549.4 s]
Epoch 124 loss=0.0928 [37.9 s]	validation=(ndcg:0.3102), test=(ndcg:0.2900) [22.6 s]
Epoch 125 loss=0.0912 [35.5 s]	validation=(ndcg:0.3102), test=(ndcg:0.2902) [14.2 s]
Epoch 126 loss=0.0908 [36.6 s]	validation=(ndcg:0.3100), test=(ndcg:0.2899) [17.2 s]
Epoch 127 loss=0.0900 [38.3 s]	validation=(ndcg:0.3096), test=(ndcg:0.2900) [1267.1 s]
Epoch 128 loss=0.0886 [38.3 s]	validation=(ndcg:0.3098), test=(ndcg:0.2902) [13.4 s]
Epoch 129 loss=0.0878 [37.4 s]	validation=(ndcg:0.3100), test=(ndcg:0.2904) [12.9 s]
Epoch 130 loss=0.0872 [36.2 s]	validation=(ndcg:0.3105), test=(ndcg:0.2900) [15.1 s]
Epoch 131 loss=0.0866 [37.0 s]	validation=(ndcg:0.3102), test=(ndcg:0.2900) [18.9 s]
Epoch 132 loss=0.0852 [38.0 s]	validation=(ndcg:0.3096), test=(ndcg:0.2899) [12.6 s]
Epoch 133 loss=0.0844 [36.9 s]	validation=(ndcg:0.3095), test=(ndcg:0.2898) [12.8 s]
Epoch 134 loss=0.0835 [37.0 s]	validation=(ndcg:0.3094), test=(ndcg:0.2899) [12.3 s]

Early stop at 134 based on validation result.

Best Iter(validation)= 130	 valid = 0.3105, test = 0.2900
Best Iter(test)= 129	 valid = 0.3100, test = 0.2904

Top@5
Validation: precision = 0.1294, recall = 0.2940, f1 = 0.1797, ndcg = 0.2896
Test:       precision = 0.1224, recall = 0.2777, f1 = 0.1699, ndcg = 0.2714
[12023.2 s]

Top@10
Validation: precision = 0.0786, recall = 0.3443, f1 = 0.1280, ndcg = 0.3107
Test:       precision = 0.0751, recall = 0.3297, f1 = 0.1223, ndcg = 0.2929
[12140.9 s]

Fold 1
Training start...
#params: 12510387
Epoch 1   loss=0.6373 [39.5 s]	validation=(ndcg:0.2118), test=(ndcg:0.2056) [30.4 s]
Epoch 2   loss=0.6325 [39.0 s]	validation=(ndcg:0.2173), test=(ndcg:0.2114) [14.9 s]
Epoch 3   loss=0.6279 [37.8 s]	validation=(ndcg:0.2453), test=(ndcg:0.2332) [14.4 s]
Epoch 4   loss=0.6222 [36.1 s]	validation=(ndcg:0.2779), test=(ndcg:0.2591) [14.7 s]
Epoch 5   loss=0.6136 [38.6 s]	validation=(ndcg:0.2901), test=(ndcg:0.2689) [20.7 s]
Epoch 6   loss=0.6008 [38.7 s]	validation=(ndcg:0.2954), test=(ndcg:0.2740) [14.3 s]
Epoch 7   loss=0.5832 [36.7 s]	validation=(ndcg:0.2981), test=(ndcg:0.2766) [14.4 s]
Epoch 8   loss=0.5614 [37.4 s]	validation=(ndcg:0.2997), test=(ndcg:0.2776) [14.7 s]
Epoch 9   loss=0.5364 [37.6 s]	validation=(ndcg:0.3007), test=(ndcg:0.2786) [20.3 s]
Epoch 10  loss=0.5096 [37.2 s]	validation=(ndcg:0.3007), test=(ndcg:0.2783) [24.7 s]
Epoch 11  loss=0.4827 [39.5 s]	validation=(ndcg:0.3000), test=(ndcg:0.2777) [34.1 s]
Epoch 12  loss=0.4566 [39.0 s]	validation=(ndcg:0.2996), test=(ndcg:0.2766) [40.4 s]
Epoch 13  loss=0.4323 [39.2 s]	validation=(ndcg:0.2981), test=(ndcg:0.2756) [18.4 s]
Epoch 14  loss=0.4098 [35.6 s]	validation=(ndcg:0.2973), test=(ndcg:0.2752) [14.6 s]
Epoch 15  loss=0.3896 [40.3 s]	validation=(ndcg:0.2962), test=(ndcg:0.2745) [14.4 s]
Epoch 16  loss=0.3721 [36.8 s]	validation=(ndcg:0.2956), test=(ndcg:0.2743) [19.8 s]
Epoch 17  loss=0.3560 [35.9 s]	validation=(ndcg:0.2954), test=(ndcg:0.2742) [13.7 s]
Epoch 18  loss=0.3418 [36.9 s]	validation=(ndcg:0.2953), test=(ndcg:0.2744) [13.7 s]
Epoch 19  loss=0.3294 [44.6 s]	validation=(ndcg:0.2950), test=(ndcg:0.2748) [31.7 s]
Epoch 20  loss=0.3179 [40.7 s]	validation=(ndcg:0.2952), test=(ndcg:0.2745) [31.2 s]
Epoch 21  loss=0.3076 [38.4 s]	validation=(ndcg:0.2958), test=(ndcg:0.2748) [20.1 s]
Epoch 22  loss=0.2980 [37.8 s]	validation=(ndcg:0.2958), test=(ndcg:0.2747) [16.0 s]
Epoch 23  loss=0.2898 [36.4 s]	validation=(ndcg:0.2957), test=(ndcg:0.2754) [13.7 s]
Epoch 24  loss=0.2822 [36.0 s]	validation=(ndcg:0.2963), test=(ndcg:0.2757) [19.6 s]
Epoch 25  loss=0.2749 [37.6 s]	validation=(ndcg:0.2966), test=(ndcg:0.2760) [18.8 s]
Epoch 26  loss=0.2678 [59.9 s]	validation=(ndcg:0.2970), test=(ndcg:0.2768) [40.0 s]
Epoch 27  loss=0.2612 [49.3 s]	validation=(ndcg:0.2971), test=(ndcg:0.2772) [25.9 s]
Epoch 28  loss=0.2563 [39.6 s]	validation=(ndcg:0.2977), test=(ndcg:0.2778) [14.1 s]
Epoch 29  loss=0.2503 [37.5 s]	validation=(ndcg:0.2980), test=(ndcg:0.2780) [13.2 s]
Epoch 30  loss=0.2462 [36.5 s]	validation=(ndcg:0.2986), test=(ndcg:0.2788) [13.1 s]
Epoch 31  loss=0.2405 [36.8 s]	validation=(ndcg:0.2988), test=(ndcg:0.2788) [19.2 s]
Epoch 32  loss=0.2359 [37.0 s]	validation=(ndcg:0.2986), test=(ndcg:0.2788) [13.3 s]
Epoch 33  loss=0.2317 [36.1 s]	validation=(ndcg:0.2995), test=(ndcg:0.2787) [12.7 s]
Epoch 34  loss=0.2273 [46.3 s]	validation=(ndcg:0.2998), test=(ndcg:0.2794) [65.0 s]
Epoch 35  loss=0.2237 [44.3 s]	validation=(ndcg:0.3001), test=(ndcg:0.2795) [29.1 s]
Epoch 36  loss=0.2200 [59.4 s]	validation=(ndcg:0.3003), test=(ndcg:0.2800) [34.6 s]
Epoch 37  loss=0.2161 [52.5 s]	validation=(ndcg:0.3008), test=(ndcg:0.2806) [21.2 s]
Epoch 38  loss=0.2133 [40.7 s]	validation=(ndcg:0.3011), test=(ndcg:0.2805) [14.2 s]
Epoch 39  loss=0.2094 [36.8 s]	validation=(ndcg:0.3013), test=(ndcg:0.2806) [20.6 s]
Epoch 40  loss=0.2065 [37.0 s]	validation=(ndcg:0.3017), test=(ndcg:0.2809) [14.4 s]
Epoch 41  loss=0.2034 [36.7 s]	validation=(ndcg:0.3015), test=(ndcg:0.2807) [13.5 s]
Epoch 42  loss=0.2005 [37.0 s]	validation=(ndcg:0.3017), test=(ndcg:0.2811) [19.5 s]
Epoch 43  loss=0.1986 [36.5 s]	validation=(ndcg:0.3021), test=(ndcg:0.2810) [15.0 s]
Epoch 44  loss=0.1951 [36.4 s]	validation=(ndcg:0.3024), test=(ndcg:0.2812) [15.3 s]
Epoch 45  loss=0.1929 [36.4 s]	validation=(ndcg:0.3028), test=(ndcg:0.2817) [15.2 s]
Epoch 46  loss=0.1899 [50.3 s]	validation=(ndcg:0.3032), test=(ndcg:0.2819) [49.0 s]
Epoch 47  loss=0.1879 [50.9 s]	validation=(ndcg:0.3037), test=(ndcg:0.2820) [16.6 s]
Epoch 48  loss=0.1855 [37.7 s]	validation=(ndcg:0.3039), test=(ndcg:0.2818) [15.3 s]
Epoch 49  loss=0.1825 [38.8 s]	validation=(ndcg:0.3045), test=(ndcg:0.2820) [14.0 s]
Epoch 50  loss=0.1804 [36.4 s]	validation=(ndcg:0.3044), test=(ndcg:0.2821) [18.8 s]
Epoch 51  loss=0.1794 [36.5 s]	validation=(ndcg:0.3048), test=(ndcg:0.2824) [14.8 s]
Epoch 52  loss=0.1767 [37.4 s]	validation=(ndcg:0.3049), test=(ndcg:0.2823) [29.9 s]
Epoch 53  loss=0.1747 [49.5 s]	validation=(ndcg:0.3048), test=(ndcg:0.2825) [48.7 s]
Epoch 54  loss=0.1732 [51.1 s]	validation=(ndcg:0.3051), test=(ndcg:0.2828) [35.2 s]
Epoch 55  loss=0.1716 [53.3 s]	validation=(ndcg:0.3050), test=(ndcg:0.2832) [14.5 s]
Epoch 56  loss=0.1704 [36.6 s]	validation=(ndcg:0.3055), test=(ndcg:0.2830) [15.6 s]
Epoch 57  loss=0.1681 [36.9 s]	validation=(ndcg:0.3057), test=(ndcg:0.2836) [19.8 s]
Epoch 58  loss=0.1658 [36.5 s]	validation=(ndcg:0.3056), test=(ndcg:0.2838) [21.9 s]
Epoch 59  loss=0.1649 [55.8 s]	validation=(ndcg:0.3057), test=(ndcg:0.2838) [32.7 s]
Epoch 60  loss=0.1623 [37.4 s]	validation=(ndcg:0.3060), test=(ndcg:0.2837) [16.0 s]
Epoch 61  loss=0.1610 [36.4 s]	validation=(ndcg:0.3062), test=(ndcg:0.2839) [19.8 s]
Epoch 62  loss=0.1601 [36.5 s]	validation=(ndcg:0.3063), test=(ndcg:0.2845) [14.2 s]
Epoch 63  loss=0.1585 [36.0 s]	validation=(ndcg:0.3064), test=(ndcg:0.2847) [15.3 s]
Epoch 64  loss=0.1566 [36.1 s]	validation=(ndcg:0.3067), test=(ndcg:0.2847) [14.2 s]
Epoch 65  loss=0.1546 [36.7 s]	validation=(ndcg:0.3072), test=(ndcg:0.2849) [21.2 s]
Epoch 66  loss=0.1543 [36.1 s]	validation=(ndcg:0.3072), test=(ndcg:0.2852) [14.4 s]
Epoch 67  loss=0.1529 [35.9 s]	validation=(ndcg:0.3073), test=(ndcg:0.2851) [14.9 s]
Epoch 68  loss=0.1514 [37.2 s]	validation=(ndcg:0.3073), test=(ndcg:0.2855) [20.0 s]
Epoch 69  loss=0.1496 [37.6 s]	validation=(ndcg:0.3075), test=(ndcg:0.2856) [33.1 s]
Epoch 70  loss=0.1481 [52.8 s]	validation=(ndcg:0.3074), test=(ndcg:0.2856) [17.5 s]
Epoch 71  loss=0.1472 [38.1 s]	validation=(ndcg:0.3076), test=(ndcg:0.2856) [14.8 s]
Epoch 72  loss=0.1454 [36.4 s]	validation=(ndcg:0.3080), test=(ndcg:0.2854) [20.2 s]
Epoch 73  loss=0.1444 [36.4 s]	validation=(ndcg:0.3082), test=(ndcg:0.2852) [14.6 s]
Epoch 74  loss=0.1426 [36.6 s]	validation=(ndcg:0.3081), test=(ndcg:0.2860) [13.6 s]
Epoch 75  loss=0.1419 [36.1 s]	validation=(ndcg:0.3087), test=(ndcg:0.2861) [15.0 s]
Epoch 76  loss=0.1403 [36.4 s]	validation=(ndcg:0.3083), test=(ndcg:0.2861) [19.5 s]
Epoch 77  loss=0.1392 [35.9 s]	validation=(ndcg:0.3086), test=(ndcg:0.2859) [13.6 s]
Epoch 78  loss=0.1377 [36.0 s]	validation=(ndcg:0.3086), test=(ndcg:0.2860) [50.1 s]
Epoch 79  loss=0.1372 [44.3 s]	validation=(ndcg:0.3085), test=(ndcg:0.2861) [35.1 s]
Epoch 80  loss=0.1356 [46.3 s]	validation=(ndcg:0.3090), test=(ndcg:0.2863) [24.1 s]
Epoch 81  loss=0.1341 [37.7 s]	validation=(ndcg:0.3094), test=(ndcg:0.2861) [14.9 s]
Epoch 82  loss=0.1329 [36.7 s]	validation=(ndcg:0.3097), test=(ndcg:0.2863) [14.8 s]
Epoch 83  loss=0.1316 [35.6 s]	validation=(ndcg:0.3091), test=(ndcg:0.2860) [36.9 s]
Epoch 84  loss=0.1308 [45.7 s]	validation=(ndcg:0.3093), test=(ndcg:0.2860) [39.2 s]
Epoch 85  loss=0.1307 [35.9 s]	validation=(ndcg:0.3098), test=(ndcg:0.2860) [13.1 s]
Epoch 86  loss=0.1277 [56.5 s]	validation=(ndcg:0.3098), test=(ndcg:0.2857) [38.4 s]
Epoch 87  loss=0.1277 [55.1 s]	validation=(ndcg:0.3095), test=(ndcg:0.2862) [31.3 s]
Epoch 88  loss=0.1257 [36.5 s]	validation=(ndcg:0.3098), test=(ndcg:0.2862) [14.5 s]
Epoch 89  loss=0.1254 [35.9 s]	validation=(ndcg:0.3099), test=(ndcg:0.2863) [15.3 s]
Epoch 90  loss=0.1234 [37.8 s]	validation=(ndcg:0.3099), test=(ndcg:0.2860) [13.9 s]
Epoch 91  loss=0.1226 [37.3 s]	validation=(ndcg:0.3102), test=(ndcg:0.2865) [21.5 s]
Epoch 92  loss=0.1212 [37.8 s]	validation=(ndcg:0.3104), test=(ndcg:0.2870) [26.7 s]
Epoch 93  loss=0.1206 [37.9 s]	validation=(ndcg:0.3102), test=(ndcg:0.2863) [47.7 s]
Epoch 94  loss=0.1183 [39.2 s]	validation=(ndcg:0.3107), test=(ndcg:0.2864) [36.9 s]
Epoch 95  loss=0.1183 [37.0 s]	validation=(ndcg:0.3105), test=(ndcg:0.2864) [43.5 s]
Epoch 96  loss=0.1169 [37.3 s]	validation=(ndcg:0.3105), test=(ndcg:0.2868) [38.7 s]
Epoch 97  loss=0.1149 [38.1 s]	validation=(ndcg:0.3109), test=(ndcg:0.2868) [44.8 s]
Epoch 98  loss=0.1147 [37.2 s]	validation=(ndcg:0.3108), test=(ndcg:0.2867) [54.1 s]
Epoch 99  loss=0.1138 [39.8 s]	validation=(ndcg:0.3107), test=(ndcg:0.2867) [49.3 s]
Epoch 100 loss=0.1121 [38.7 s]	validation=(ndcg:0.3107), test=(ndcg:0.2869) [46.5 s]
Epoch 101 loss=0.1116 [37.9 s]	validation=(ndcg:0.3105), test=(ndcg:0.2871) [45.5 s]
Epoch 102 loss=0.1104 [37.9 s]	validation=(ndcg:0.3105), test=(ndcg:0.2874) [51.2 s]
Epoch 103 loss=0.1083 [38.9 s]	validation=(ndcg:0.3109), test=(ndcg:0.2875) [52.9 s]
Epoch 104 loss=0.1079 [37.6 s]	validation=(ndcg:0.3113), test=(ndcg:0.2880) [40.7 s]
Epoch 105 loss=0.1070 [37.3 s]	validation=(ndcg:0.3106), test=(ndcg:0.2878) [38.2 s]
Epoch 106 loss=0.1060 [41.8 s]	validation=(ndcg:0.3110), test=(ndcg:0.2872) [53.2 s]
Epoch 107 loss=0.1052 [37.6 s]	validation=(ndcg:0.3110), test=(ndcg:0.2873) [33.8 s]
Epoch 108 loss=0.1038 [37.1 s]	validation=(ndcg:0.3112), test=(ndcg:0.2871) [41.3 s]
Epoch 109 loss=0.1029 [37.4 s]	validation=(ndcg:0.3110), test=(ndcg:0.2871) [42.8 s]
Epoch 110 loss=0.1017 [37.7 s]	validation=(ndcg:0.3109), test=(ndcg:0.2873) [17.5 s]
Epoch 111 loss=0.1008 [38.4 s]	validation=(ndcg:0.3107), test=(ndcg:0.2878) [13.8 s]
Epoch 112 loss=0.1005 [36.7 s]	validation=(ndcg:0.3113), test=(ndcg:0.2878) [13.4 s]
Epoch 113 loss=0.0990 [36.6 s]	validation=(ndcg:0.3109), test=(ndcg:0.2879) [19.5 s]
Epoch 114 loss=0.0983 [36.9 s]	validation=(ndcg:0.3108), test=(ndcg:0.2880) [13.3 s]
Epoch 115 loss=0.0969 [36.3 s]	validation=(ndcg:0.3114), test=(ndcg:0.2881) [14.6 s]
Epoch 116 loss=0.0967 [36.3 s]	validation=(ndcg:0.3113), test=(ndcg:0.2881) [13.1 s]
Epoch 117 loss=0.0950 [36.4 s]	validation=(ndcg:0.3110), test=(ndcg:0.2882) [20.0 s]
Epoch 118 loss=0.0943 [37.1 s]	validation=(ndcg:0.3111), test=(ndcg:0.2879) [14.1 s]
Epoch 119 loss=0.0937 [35.8 s]	validation=(ndcg:0.3112), test=(ndcg:0.2879) [13.3 s]
Epoch 120 loss=0.0921 [38.4 s]	validation=(ndcg:0.3109), test=(ndcg:0.2883) [44.1 s]
Epoch 121 loss=0.0913 [49.0 s]	validation=(ndcg:0.3114), test=(ndcg:0.2881) [32.4 s]
Epoch 122 loss=0.0903 [38.7 s]	validation=(ndcg:0.3111), test=(ndcg:0.2882) [23.4 s]
Epoch 123 loss=0.0898 [38.8 s]	validation=(ndcg:0.3107), test=(ndcg:0.2878) [15.3 s]
Epoch 124 loss=0.0887 [36.8 s]	validation=(ndcg:0.3109), test=(ndcg:0.2879) [20.3 s]
Epoch 125 loss=0.0877 [37.8 s]	validation=(ndcg:0.3109), test=(ndcg:0.2881) [26.4 s]
Epoch 126 loss=0.0870 [38.5 s]	validation=(ndcg:0.3105), test=(ndcg:0.2879) [44.9 s]
Epoch 127 loss=0.0857 [39.7 s]	validation=(ndcg:0.3110), test=(ndcg:0.2881) [38.7 s]
Epoch 128 loss=0.0845 [37.6 s]	validation=(ndcg:0.3112), test=(ndcg:0.2877) [46.7 s]
Epoch 129 loss=0.0840 [36.9 s]	validation=(ndcg:0.3114), test=(ndcg:0.2879) [39.1 s]
Epoch 130 loss=0.0837 [39.2 s]	validation=(ndcg:0.3112), test=(ndcg:0.2873) [43.0 s]
Epoch 131 loss=0.0829 [37.0 s]	validation=(ndcg:0.3111), test=(ndcg:0.2872) [39.6 s]
Epoch 132 loss=0.0820 [39.4 s]	validation=(ndcg:0.3110), test=(ndcg:0.2875) [60.3 s]
Epoch 133 loss=0.0810 [37.5 s]	validation=(ndcg:0.3113), test=(ndcg:0.2874) [38.8 s]
Epoch 134 loss=0.0802 [38.1 s]	validation=(ndcg:0.3116), test=(ndcg:0.2875) [47.3 s]
Epoch 135 loss=0.0784 [38.4 s]	validation=(ndcg:0.3116), test=(ndcg:0.2877) [46.5 s]
Epoch 136 loss=0.0783 [39.1 s]	validation=(ndcg:0.3120), test=(ndcg:0.2878) [40.8 s]
Epoch 137 loss=0.0773 [37.6 s]	validation=(ndcg:0.3118), test=(ndcg:0.2876) [42.7 s]
Epoch 138 loss=0.0769 [40.7 s]	validation=(ndcg:0.3118), test=(ndcg:0.2879) [41.3 s]
Epoch 139 loss=0.0755 [44.3 s]	validation=(ndcg:0.3114), test=(ndcg:0.2881) [53.2 s]
Epoch 140 loss=0.0750 [38.2 s]	validation=(ndcg:0.3117), test=(ndcg:0.2880) [42.5 s]
Epoch 141 loss=0.0745 [41.7 s]	validation=(ndcg:0.3116), test=(ndcg:0.2875) [48.9 s]
Epoch 142 loss=0.0733 [40.7 s]	validation=(ndcg:0.3114), test=(ndcg:0.2880) [52.9 s]
Epoch 143 loss=0.0728 [37.6 s]	validation=(ndcg:0.3111), test=(ndcg:0.2878) [53.9 s]
Epoch 144 loss=0.0716 [37.4 s]	validation=(ndcg:0.3114), test=(ndcg:0.2882) [37.0 s]
Epoch 145 loss=0.0712 [37.5 s]	validation=(ndcg:0.3119), test=(ndcg:0.2883) [43.7 s]
Epoch 146 loss=0.0709 [37.4 s]	validation=(ndcg:0.3114), test=(ndcg:0.2882) [44.5 s]
Epoch 147 loss=0.0696 [39.5 s]	validation=(ndcg:0.3111), test=(ndcg:0.2881) [61.9 s]
Epoch 148 loss=0.0691 [37.4 s]	validation=(ndcg:0.3111), test=(ndcg:0.2879) [37.0 s]
Epoch 149 loss=0.0688 [36.9 s]	validation=(ndcg:0.3116), test=(ndcg:0.2881) [41.4 s]
Epoch 150 loss=0.0680 [39.2 s]	validation=(ndcg:0.3118), test=(ndcg:0.2880) [55.2 s]
Epoch 151 loss=0.0668 [38.1 s]	validation=(ndcg:0.3116), test=(ndcg:0.2882) [48.4 s]
Epoch 152 loss=0.0663 [38.5 s]	validation=(ndcg:0.3113), test=(ndcg:0.2883) [51.4 s]
Epoch 153 loss=0.0657 [36.8 s]	validation=(ndcg:0.3110), test=(ndcg:0.2877) [43.3 s]
Epoch 154 loss=0.0652 [36.6 s]	validation=(ndcg:0.3107), test=(ndcg:0.2881) [47.1 s]

Early stop at 154 based on validation result.

Best Iter(validation)= 136	 valid = 0.3120, test = 0.2878
Best Iter(test)= 145	 valid = 0.3119, test = 0.2883

Top@5
Validation: precision = 0.1299, recall = 0.2958, f1 = 0.1805, ndcg = 0.2911
Test:       precision = 0.1234, recall = 0.2804, f1 = 0.1714, ndcg = 0.2734
[10668.5 s]

Top@10
Validation: precision = 0.0788, recall = 0.3457, f1 = 0.1284, ndcg = 0.3120
Test:       precision = 0.0752, recall = 0.3299, f1 = 0.1225, ndcg = 0.2940
[10891.5 s]

Fold 2
Training start...
#params: 12510387
Epoch 1   loss=0.6372 [43.8 s]	validation=(ndcg:0.2178), test=(ndcg:0.2107) [47.3 s]
Epoch 2   loss=0.6325 [38.3 s]	validation=(ndcg:0.2231), test=(ndcg:0.2167) [43.6 s]
Epoch 3   loss=0.6278 [36.5 s]	validation=(ndcg:0.2499), test=(ndcg:0.2415) [40.4 s]
Epoch 4   loss=0.6220 [38.0 s]	validation=(ndcg:0.2764), test=(ndcg:0.2645) [46.2 s]
Epoch 5   loss=0.6131 [38.0 s]	validation=(ndcg:0.2878), test=(ndcg:0.2759) [33.8 s]
Epoch 6   loss=0.5998 [37.8 s]	validation=(ndcg:0.2935), test=(ndcg:0.2814) [45.0 s]
Epoch 7   loss=0.5816 [41.0 s]	validation=(ndcg:0.2956), test=(ndcg:0.2838) [53.5 s]
Epoch 8   loss=0.5592 [38.0 s]	validation=(ndcg:0.2972), test=(ndcg:0.2849) [48.8 s]
Epoch 9   loss=0.5336 [37.4 s]	validation=(ndcg:0.2970), test=(ndcg:0.2844) [40.3 s]
Epoch 10  loss=0.5066 [37.3 s]	validation=(ndcg:0.2968), test=(ndcg:0.2838) [43.5 s]
Epoch 11  loss=0.4795 [39.1 s]	validation=(ndcg:0.2964), test=(ndcg:0.2836) [47.6 s]
Epoch 12  loss=0.4534 [44.9 s]	validation=(ndcg:0.2956), test=(ndcg:0.2826) [64.3 s]
Epoch 13  loss=0.4292 [38.4 s]	validation=(ndcg:0.2951), test=(ndcg:0.2816) [37.9 s]
Epoch 14  loss=0.4073 [36.7 s]	validation=(ndcg:0.2939), test=(ndcg:0.2805) [22.8 s]
Epoch 15  loss=0.3878 [36.7 s]	validation=(ndcg:0.2921), test=(ndcg:0.2807) [13.8 s]
Epoch 16  loss=0.3704 [37.2 s]	validation=(ndcg:0.2916), test=(ndcg:0.2805) [20.0 s]
Epoch 17  loss=0.3550 [35.9 s]	validation=(ndcg:0.2912), test=(ndcg:0.2803) [13.9 s]
Epoch 18  loss=0.3411 [36.0 s]	validation=(ndcg:0.2910), test=(ndcg:0.2799) [13.5 s]
Epoch 19  loss=0.3291 [35.7 s]	validation=(ndcg:0.2907), test=(ndcg:0.2797) [43.9 s]
Epoch 20  loss=0.3181 [53.2 s]	validation=(ndcg:0.2910), test=(ndcg:0.2803) [68.0 s]
Epoch 21  loss=0.3080 [52.9 s]	validation=(ndcg:0.2912), test=(ndcg:0.2802) [42.6 s]
Epoch 22  loss=0.2998 [50.2 s]	validation=(ndcg:0.2919), test=(ndcg:0.2807) [52.4 s]
Epoch 23  loss=0.2910 [50.8 s]	validation=(ndcg:0.2927), test=(ndcg:0.2814) [60.8 s]
Epoch 24  loss=0.2830 [53.2 s]	validation=(ndcg:0.2928), test=(ndcg:0.2817) [47.7 s]
Epoch 25  loss=0.2770 [49.8 s]	validation=(ndcg:0.2931), test=(ndcg:0.2819) [36.9 s]
Epoch 26  loss=0.2699 [43.1 s]	validation=(ndcg:0.2932), test=(ndcg:0.2823) [32.8 s]
Epoch 27  loss=0.2646 [41.4 s]	validation=(ndcg:0.2938), test=(ndcg:0.2827) [42.4 s]
Epoch 28  loss=0.2579 [38.8 s]	validation=(ndcg:0.2940), test=(ndcg:0.2832) [40.8 s]
Epoch 29  loss=0.2534 [40.1 s]	validation=(ndcg:0.2946), test=(ndcg:0.2836) [43.5 s]
Epoch 30  loss=0.2475 [39.5 s]	validation=(ndcg:0.2950), test=(ndcg:0.2840) [33.3 s]
Epoch 31  loss=0.2425 [37.2 s]	validation=(ndcg:0.2956), test=(ndcg:0.2840) [47.7 s]
Epoch 32  loss=0.2387 [37.4 s]	validation=(ndcg:0.2962), test=(ndcg:0.2841) [44.4 s]
Epoch 33  loss=0.2343 [37.6 s]	validation=(ndcg:0.2973), test=(ndcg:0.2844) [44.1 s]
Epoch 34  loss=0.2295 [37.2 s]	validation=(ndcg:0.2975), test=(ndcg:0.2846) [50.5 s]
Epoch 35  loss=0.2263 [36.5 s]	validation=(ndcg:0.2980), test=(ndcg:0.2849) [52.3 s]
Epoch 36  loss=0.2225 [38.2 s]	validation=(ndcg:0.2987), test=(ndcg:0.2850) [38.0 s]
Epoch 37  loss=0.2180 [38.3 s]	validation=(ndcg:0.2989), test=(ndcg:0.2850) [47.2 s]
Epoch 38  loss=0.2153 [38.1 s]	validation=(ndcg:0.2990), test=(ndcg:0.2854) [50.6 s]
Epoch 39  loss=0.2125 [38.2 s]	validation=(ndcg:0.2990), test=(ndcg:0.2855) [37.8 s]
Epoch 40  loss=0.2088 [37.9 s]	validation=(ndcg:0.2992), test=(ndcg:0.2858) [38.1 s]
Epoch 41  loss=0.2060 [40.0 s]	validation=(ndcg:0.2996), test=(ndcg:0.2861) [41.3 s]
Epoch 42  loss=0.2023 [39.6 s]	validation=(ndcg:0.2998), test=(ndcg:0.2864) [50.0 s]
Epoch 43  loss=0.2002 [41.0 s]	validation=(ndcg:0.3000), test=(ndcg:0.2864) [47.0 s]
Epoch 44  loss=0.1965 [40.2 s]	validation=(ndcg:0.3007), test=(ndcg:0.2866) [33.8 s]
Epoch 45  loss=0.1952 [46.9 s]	validation=(ndcg:0.3014), test=(ndcg:0.2868) [48.8 s]
Epoch 46  loss=0.1923 [39.2 s]	validation=(ndcg:0.3012), test=(ndcg:0.2872) [42.3 s]
Epoch 47  loss=0.1901 [41.2 s]	validation=(ndcg:0.3015), test=(ndcg:0.2875) [49.6 s]
Epoch 48  loss=0.1877 [39.0 s]	validation=(ndcg:0.3018), test=(ndcg:0.2874) [48.2 s]
Epoch 49  loss=0.1855 [38.6 s]	validation=(ndcg:0.3016), test=(ndcg:0.2877) [48.3 s]
Epoch 50  loss=0.1826 [39.3 s]	validation=(ndcg:0.3019), test=(ndcg:0.2882) [46.0 s]
Epoch 51  loss=0.1804 [38.8 s]	validation=(ndcg:0.3024), test=(ndcg:0.2881) [38.2 s]
Epoch 52  loss=0.1793 [38.8 s]	validation=(ndcg:0.3026), test=(ndcg:0.2881) [45.9 s]
Epoch 53  loss=0.1772 [38.4 s]	validation=(ndcg:0.3029), test=(ndcg:0.2884) [56.1 s]
Epoch 54  loss=0.1746 [36.2 s]	validation=(ndcg:0.3030), test=(ndcg:0.2889) [41.4 s]
Epoch 55  loss=0.1730 [39.0 s]	validation=(ndcg:0.3032), test=(ndcg:0.2892) [43.8 s]
Epoch 56  loss=0.1713 [40.7 s]	validation=(ndcg:0.3034), test=(ndcg:0.2893) [45.0 s]
Epoch 57  loss=0.1695 [38.4 s]	validation=(ndcg:0.3038), test=(ndcg:0.2894) [47.9 s]
Epoch 58  loss=0.1674 [40.0 s]	validation=(ndcg:0.3041), test=(ndcg:0.2901) [45.7 s]
Epoch 59  loss=0.1663 [39.2 s]	validation=(ndcg:0.3044), test=(ndcg:0.2900) [34.9 s]
Epoch 60  loss=0.1643 [37.8 s]	validation=(ndcg:0.3046), test=(ndcg:0.2906) [47.8 s]
Epoch 61  loss=0.1631 [39.1 s]	validation=(ndcg:0.3045), test=(ndcg:0.2905) [58.0 s]
Epoch 62  loss=0.1613 [46.6 s]	validation=(ndcg:0.3048), test=(ndcg:0.2908) [44.8 s]
Epoch 63  loss=0.1598 [44.7 s]	validation=(ndcg:0.3046), test=(ndcg:0.2906) [35.5 s]
Epoch 64  loss=0.1577 [36.8 s]	validation=(ndcg:0.3047), test=(ndcg:0.2908) [47.4 s]
Epoch 65  loss=0.1571 [37.1 s]	validation=(ndcg:0.3049), test=(ndcg:0.2908) [53.8 s]
Epoch 66  loss=0.1551 [42.4 s]	validation=(ndcg:0.3051), test=(ndcg:0.2911) [48.5 s]
Epoch 67  loss=0.1538 [45.6 s]	validation=(ndcg:0.3053), test=(ndcg:0.2913) [35.4 s]
Epoch 68  loss=0.1523 [38.8 s]	validation=(ndcg:0.3055), test=(ndcg:0.2918) [46.8 s]
Epoch 69  loss=0.1512 [39.7 s]	validation=(ndcg:0.3056), test=(ndcg:0.2913) [49.3 s]
Epoch 70  loss=0.1490 [45.5 s]	validation=(ndcg:0.3057), test=(ndcg:0.2913) [38.2 s]
Epoch 71  loss=0.1488 [39.8 s]	validation=(ndcg:0.3057), test=(ndcg:0.2918) [38.4 s]
Epoch 72  loss=0.1471 [38.7 s]	validation=(ndcg:0.3060), test=(ndcg:0.2918) [47.8 s]
Epoch 73  loss=0.1454 [37.4 s]	validation=(ndcg:0.3057), test=(ndcg:0.2919) [34.7 s]
Epoch 74  loss=0.1440 [39.7 s]	validation=(ndcg:0.3062), test=(ndcg:0.2918) [42.4 s]
Epoch 75  loss=0.1432 [40.0 s]	validation=(ndcg:0.3067), test=(ndcg:0.2918) [44.6 s]
Epoch 76  loss=0.1414 [39.1 s]	validation=(ndcg:0.3068), test=(ndcg:0.2922) [55.6 s]
Epoch 77  loss=0.1402 [39.3 s]	validation=(ndcg:0.3068), test=(ndcg:0.2920) [53.1 s]
Epoch 78  loss=0.1385 [37.9 s]	validation=(ndcg:0.3071), test=(ndcg:0.2925) [35.0 s]
Epoch 79  loss=0.1373 [38.2 s]	validation=(ndcg:0.3072), test=(ndcg:0.2922) [44.3 s]
Epoch 80  loss=0.1362 [37.9 s]	validation=(ndcg:0.3074), test=(ndcg:0.2917) [48.6 s]
Epoch 81  loss=0.1351 [38.1 s]	validation=(ndcg:0.3076), test=(ndcg:0.2922) [49.7 s]
Epoch 82  loss=0.1335 [38.0 s]	validation=(ndcg:0.3070), test=(ndcg:0.2918) [44.1 s]
Epoch 83  loss=0.1322 [39.1 s]	validation=(ndcg:0.3074), test=(ndcg:0.2923) [42.1 s]
Epoch 84  loss=0.1312 [39.8 s]	validation=(ndcg:0.3078), test=(ndcg:0.2924) [50.2 s]
Epoch 85  loss=0.1302 [38.1 s]	validation=(ndcg:0.3079), test=(ndcg:0.2925) [45.5 s]
Epoch 86  loss=0.1290 [38.8 s]	validation=(ndcg:0.3081), test=(ndcg:0.2933) [47.9 s]
Epoch 87  loss=0.1288 [36.8 s]	validation=(ndcg:0.3081), test=(ndcg:0.2933) [42.9 s]
Epoch 88  loss=0.1275 [38.1 s]	validation=(ndcg:0.3085), test=(ndcg:0.2932) [34.3 s]
Epoch 89  loss=0.1260 [37.3 s]	validation=(ndcg:0.3087), test=(ndcg:0.2936) [28.7 s]
Epoch 90  loss=0.1248 [38.3 s]	validation=(ndcg:0.3088), test=(ndcg:0.2933) [17.1 s]
Epoch 91  loss=0.1228 [38.4 s]	validation=(ndcg:0.3091), test=(ndcg:0.2934) [20.9 s]
Epoch 92  loss=0.1225 [37.3 s]	validation=(ndcg:0.3086), test=(ndcg:0.2935) [46.9 s]
Epoch 93  loss=0.1208 [39.5 s]	validation=(ndcg:0.3091), test=(ndcg:0.2941) [52.4 s]
Epoch 94  loss=0.1201 [39.4 s]	validation=(ndcg:0.3095), test=(ndcg:0.2939) [33.0 s]
Epoch 95  loss=0.1181 [48.6 s]	validation=(ndcg:0.3095), test=(ndcg:0.2939) [57.2 s]
Epoch 96  loss=0.1174 [37.4 s]	validation=(ndcg:0.3091), test=(ndcg:0.2943) [44.9 s]
Epoch 97  loss=0.1163 [37.2 s]	validation=(ndcg:0.3089), test=(ndcg:0.2944) [42.6 s]
Epoch 98  loss=0.1158 [38.3 s]	validation=(ndcg:0.3091), test=(ndcg:0.2942) [47.3 s]
Epoch 99  loss=0.1144 [36.9 s]	validation=(ndcg:0.3096), test=(ndcg:0.2944) [43.8 s]
Epoch 100 loss=0.1144 [38.2 s]	validation=(ndcg:0.3094), test=(ndcg:0.2946) [41.4 s]
Epoch 101 loss=0.1121 [43.1 s]	validation=(ndcg:0.3096), test=(ndcg:0.2948) [41.7 s]
Epoch 102 loss=0.1116 [40.6 s]	validation=(ndcg:0.3100), test=(ndcg:0.2950) [57.1 s]
Epoch 103 loss=0.1101 [37.5 s]	validation=(ndcg:0.3100), test=(ndcg:0.2953) [40.6 s]
Epoch 104 loss=0.1085 [38.3 s]	validation=(ndcg:0.3099), test=(ndcg:0.2956) [44.3 s]
Epoch 105 loss=0.1082 [45.6 s]	validation=(ndcg:0.3098), test=(ndcg:0.2955) [42.5 s]
Epoch 106 loss=0.1070 [46.1 s]	validation=(ndcg:0.3099), test=(ndcg:0.2953) [46.8 s]
Epoch 107 loss=0.1063 [46.5 s]	validation=(ndcg:0.3100), test=(ndcg:0.2950) [42.8 s]
Epoch 108 loss=0.1055 [49.1 s]	validation=(ndcg:0.3100), test=(ndcg:0.2952) [47.6 s]
Epoch 109 loss=0.1045 [47.0 s]	validation=(ndcg:0.3102), test=(ndcg:0.2955) [45.1 s]
Epoch 110 loss=0.1029 [39.0 s]	validation=(ndcg:0.3102), test=(ndcg:0.2959) [45.6 s]
Epoch 111 loss=0.1021 [37.9 s]	validation=(ndcg:0.3100), test=(ndcg:0.2956) [35.6 s]
Epoch 112 loss=0.1008 [37.9 s]	validation=(ndcg:0.3100), test=(ndcg:0.2960) [48.0 s]
Epoch 113 loss=0.0993 [36.9 s]	validation=(ndcg:0.3103), test=(ndcg:0.2964) [49.7 s]
Epoch 114 loss=0.0982 [36.8 s]	validation=(ndcg:0.3100), test=(ndcg:0.2962) [37.2 s]
Epoch 115 loss=0.0975 [38.4 s]	validation=(ndcg:0.3105), test=(ndcg:0.2963) [45.8 s]
Epoch 116 loss=0.0965 [38.4 s]	validation=(ndcg:0.3104), test=(ndcg:0.2962) [39.0 s]
Epoch 117 loss=0.0956 [42.3 s]	validation=(ndcg:0.3101), test=(ndcg:0.2961) [53.2 s]
Epoch 118 loss=0.0953 [36.7 s]	validation=(ndcg:0.3100), test=(ndcg:0.2964) [41.9 s]
Epoch 119 loss=0.0945 [37.4 s]	validation=(ndcg:0.3101), test=(ndcg:0.2967) [28.7 s]
Epoch 120 loss=0.0923 [38.7 s]	validation=(ndcg:0.3101), test=(ndcg:0.2965) [37.3 s]
Epoch 121 loss=0.0924 [38.6 s]	validation=(ndcg:0.3104), test=(ndcg:0.2968) [44.9 s]
Epoch 122 loss=0.0911 [38.4 s]	validation=(ndcg:0.3098), test=(ndcg:0.2971) [39.3 s]
Epoch 123 loss=0.0904 [39.2 s]	validation=(ndcg:0.3099), test=(ndcg:0.2974) [37.8 s]
Epoch 124 loss=0.0894 [38.5 s]	validation=(ndcg:0.3098), test=(ndcg:0.2972) [37.6 s]
Epoch 125 loss=0.0882 [38.8 s]	validation=(ndcg:0.3099), test=(ndcg:0.2969) [48.8 s]
Epoch 126 loss=0.0873 [37.3 s]	validation=(ndcg:0.3100), test=(ndcg:0.2973) [39.0 s]
Epoch 127 loss=0.0868 [37.8 s]	validation=(ndcg:0.3100), test=(ndcg:0.2971) [41.0 s]
Epoch 128 loss=0.0859 [44.8 s]	validation=(ndcg:0.3094), test=(ndcg:0.2973) [44.7 s]
Epoch 129 loss=0.0847 [39.8 s]	validation=(ndcg:0.3093), test=(ndcg:0.2973) [52.0 s]
Epoch 130 loss=0.0846 [37.4 s]	validation=(ndcg:0.3098), test=(ndcg:0.2977) [47.5 s]
Epoch 131 loss=0.0831 [39.3 s]	validation=(ndcg:0.3104), test=(ndcg:0.2972) [44.4 s]
Epoch 132 loss=0.0815 [39.2 s]	validation=(ndcg:0.3100), test=(ndcg:0.2970) [39.5 s]
Epoch 133 loss=0.0820 [42.0 s]	validation=(ndcg:0.3100), test=(ndcg:0.2973) [50.8 s]
Epoch 134 loss=0.0812 [39.6 s]	validation=(ndcg:0.3098), test=(ndcg:0.2975) [42.8 s]
Epoch 135 loss=0.0796 [44.7 s]	validation=(ndcg:0.3097), test=(ndcg:0.2975) [50.7 s]

Early stop at 135 based on validation result.

Best Iter(validation)= 115	 valid = 0.3105, test = 0.2963
Best Iter(test)= 130	 valid = 0.3098, test = 0.2977

Top@5
Validation: precision = 0.1292, recall = 0.2946, f1 = 0.1797, ndcg = 0.2898
Test:       precision = 0.1223, recall = 0.2778, f1 = 0.1698, ndcg = 0.2715
[11435.2 s]

Top@10
Validation: precision = 0.0788, recall = 0.3457, f1 = 0.1283, ndcg = 0.3113
Test:       precision = 0.0750, recall = 0.3296, f1 = 0.1222, ndcg = 0.2930
[11647.3 s]

Fold 3
Training start...
#params: 12510387
Epoch 1   loss=0.6373 [50.2 s]	validation=(ndcg:0.2199), test=(ndcg:0.2110) [52.9 s]
Epoch 2   loss=0.6325 [44.4 s]	validation=(ndcg:0.2257), test=(ndcg:0.2167) [53.7 s]
Epoch 3   loss=0.6279 [39.3 s]	validation=(ndcg:0.2557), test=(ndcg:0.2416) [43.4 s]
Epoch 4   loss=0.6222 [38.8 s]	validation=(ndcg:0.2836), test=(ndcg:0.2664) [43.8 s]
Epoch 5   loss=0.6138 [37.6 s]	validation=(ndcg:0.2967), test=(ndcg:0.2778) [41.3 s]
Epoch 6   loss=0.6011 [38.5 s]	validation=(ndcg:0.3015), test=(ndcg:0.2837) [44.4 s]
Epoch 7   loss=0.5836 [38.6 s]	validation=(ndcg:0.3035), test=(ndcg:0.2863) [39.7 s]
Epoch 8   loss=0.5617 [40.7 s]	validation=(ndcg:0.3049), test=(ndcg:0.2880) [41.0 s]
Epoch 9   loss=0.5367 [39.2 s]	validation=(ndcg:0.3050), test=(ndcg:0.2883) [50.3 s]
Epoch 10  loss=0.5099 [39.7 s]	validation=(ndcg:0.3053), test=(ndcg:0.2871) [42.6 s]
Epoch 11  loss=0.4828 [41.9 s]	validation=(ndcg:0.3046), test=(ndcg:0.2865) [34.3 s]
Epoch 12  loss=0.4565 [43.4 s]	validation=(ndcg:0.3040), test=(ndcg:0.2852) [45.2 s]
Epoch 13  loss=0.4321 [44.4 s]	validation=(ndcg:0.3028), test=(ndcg:0.2839) [60.6 s]
Epoch 14  loss=0.4097 [39.6 s]	validation=(ndcg:0.3026), test=(ndcg:0.2824) [40.8 s]
Epoch 15  loss=0.3897 [39.6 s]	validation=(ndcg:0.3020), test=(ndcg:0.2817) [33.3 s]
Epoch 16  loss=0.3717 [44.9 s]	validation=(ndcg:0.3018), test=(ndcg:0.2812) [45.0 s]
Epoch 17  loss=0.3561 [42.5 s]	validation=(ndcg:0.3022), test=(ndcg:0.2812) [49.2 s]
Epoch 18  loss=0.3417 [40.3 s]	validation=(ndcg:0.3020), test=(ndcg:0.2811) [41.2 s]
Epoch 19  loss=0.3296 [40.6 s]	validation=(ndcg:0.3018), test=(ndcg:0.2804) [38.8 s]
Epoch 20  loss=0.3179 [45.2 s]	validation=(ndcg:0.3019), test=(ndcg:0.2806) [42.3 s]
Epoch 21  loss=0.3079 [44.3 s]	validation=(ndcg:0.3016), test=(ndcg:0.2808) [48.7 s]
Epoch 22  loss=0.2987 [42.0 s]	validation=(ndcg:0.3021), test=(ndcg:0.2818) [40.0 s]
Epoch 23  loss=0.2903 [43.1 s]	validation=(ndcg:0.3019), test=(ndcg:0.2818) [47.8 s]
Epoch 24  loss=0.2827 [39.3 s]	validation=(ndcg:0.3020), test=(ndcg:0.2822) [40.0 s]
Epoch 25  loss=0.2757 [43.1 s]	validation=(ndcg:0.3025), test=(ndcg:0.2826) [45.5 s]
Epoch 26  loss=0.2686 [41.0 s]	validation=(ndcg:0.3026), test=(ndcg:0.2829) [38.3 s]
Epoch 27  loss=0.2626 [41.8 s]	validation=(ndcg:0.3033), test=(ndcg:0.2831) [48.6 s]
Epoch 28  loss=0.2571 [40.3 s]	validation=(ndcg:0.3034), test=(ndcg:0.2838) [49.6 s]
Epoch 29  loss=0.2513 [37.8 s]	validation=(ndcg:0.3036), test=(ndcg:0.2841) [49.9 s]
Epoch 30  loss=0.2460 [38.8 s]	validation=(ndcg:0.3044), test=(ndcg:0.2845) [36.1 s]
Epoch 31  loss=0.2415 [40.5 s]	validation=(ndcg:0.3042), test=(ndcg:0.2846) [39.3 s]
Epoch 32  loss=0.2366 [41.3 s]	validation=(ndcg:0.3045), test=(ndcg:0.2854) [48.8 s]
Epoch 33  loss=0.2330 [39.9 s]	validation=(ndcg:0.3047), test=(ndcg:0.2855) [41.6 s]
Epoch 34  loss=0.2291 [38.5 s]	validation=(ndcg:0.3051), test=(ndcg:0.2860) [41.5 s]
Epoch 35  loss=0.2250 [38.0 s]	validation=(ndcg:0.3054), test=(ndcg:0.2867) [41.2 s]
Epoch 36  loss=0.2209 [39.0 s]	validation=(ndcg:0.3057), test=(ndcg:0.2866) [45.4 s]
Epoch 37  loss=0.2173 [41.1 s]	validation=(ndcg:0.3064), test=(ndcg:0.2870) [43.1 s]
Epoch 38  loss=0.2133 [45.2 s]	validation=(ndcg:0.3070), test=(ndcg:0.2870) [41.9 s]
Epoch 39  loss=0.2100 [49.4 s]	validation=(ndcg:0.3070), test=(ndcg:0.2872) [34.3 s]
Epoch 40  loss=0.2077 [42.8 s]	validation=(ndcg:0.3072), test=(ndcg:0.2872) [43.5 s]
Epoch 41  loss=0.2044 [41.5 s]	validation=(ndcg:0.3078), test=(ndcg:0.2875) [36.9 s]
Epoch 42  loss=0.2016 [44.5 s]	validation=(ndcg:0.3080), test=(ndcg:0.2878) [35.1 s]
Epoch 43  loss=0.1989 [40.2 s]	validation=(ndcg:0.3086), test=(ndcg:0.2876) [37.8 s]
Epoch 44  loss=0.1962 [38.8 s]	validation=(ndcg:0.3088), test=(ndcg:0.2884) [44.5 s]
Epoch 45  loss=0.1936 [39.4 s]	validation=(ndcg:0.3087), test=(ndcg:0.2883) [36.7 s]
Epoch 46  loss=0.1911 [38.8 s]	validation=(ndcg:0.3091), test=(ndcg:0.2886) [40.6 s]
Epoch 47  loss=0.1887 [37.6 s]	validation=(ndcg:0.3089), test=(ndcg:0.2894) [42.7 s]
Epoch 48  loss=0.1865 [40.3 s]	validation=(ndcg:0.3091), test=(ndcg:0.2898) [52.0 s]
Epoch 49  loss=0.1839 [39.0 s]	validation=(ndcg:0.3098), test=(ndcg:0.2902) [34.2 s]
Epoch 50  loss=0.1823 [39.0 s]	validation=(ndcg:0.3096), test=(ndcg:0.2901) [32.7 s]
Epoch 51  loss=0.1804 [43.5 s]	validation=(ndcg:0.3095), test=(ndcg:0.2903) [34.9 s]
Epoch 52  loss=0.1771 [51.4 s]	validation=(ndcg:0.3104), test=(ndcg:0.2903) [54.5 s]
Epoch 53  loss=0.1753 [42.4 s]	validation=(ndcg:0.3104), test=(ndcg:0.2906) [42.9 s]
Epoch 54  loss=0.1741 [39.6 s]	validation=(ndcg:0.3107), test=(ndcg:0.2905) [45.0 s]
Epoch 55  loss=0.1719 [40.5 s]	validation=(ndcg:0.3107), test=(ndcg:0.2906) [44.2 s]
Epoch 56  loss=0.1704 [40.9 s]	validation=(ndcg:0.3110), test=(ndcg:0.2907) [44.4 s]
Epoch 57  loss=0.1692 [41.4 s]	validation=(ndcg:0.3116), test=(ndcg:0.2904) [45.0 s]
Epoch 58  loss=0.1668 [41.5 s]	validation=(ndcg:0.3123), test=(ndcg:0.2908) [49.2 s]
Epoch 59  loss=0.1645 [40.7 s]	validation=(ndcg:0.3121), test=(ndcg:0.2910) [46.5 s]
Epoch 60  loss=0.1634 [39.3 s]	validation=(ndcg:0.3124), test=(ndcg:0.2914) [36.1 s]
Epoch 61  loss=0.1615 [43.1 s]	validation=(ndcg:0.3125), test=(ndcg:0.2914) [51.8 s]
Epoch 62  loss=0.1603 [38.2 s]	validation=(ndcg:0.3132), test=(ndcg:0.2917) [47.0 s]
Epoch 63  loss=0.1585 [39.5 s]	validation=(ndcg:0.3136), test=(ndcg:0.2917) [51.6 s]
Epoch 64  loss=0.1572 [38.7 s]	validation=(ndcg:0.3136), test=(ndcg:0.2914) [40.2 s]
Epoch 65  loss=0.1560 [38.3 s]	validation=(ndcg:0.3142), test=(ndcg:0.2919) [31.9 s]
Epoch 66  loss=0.1538 [40.8 s]	validation=(ndcg:0.3141), test=(ndcg:0.2919) [54.1 s]
Epoch 67  loss=0.1526 [39.4 s]	validation=(ndcg:0.3144), test=(ndcg:0.2919) [56.3 s]
Epoch 68  loss=0.1507 [37.9 s]	validation=(ndcg:0.3141), test=(ndcg:0.2923) [46.6 s]
Epoch 69  loss=0.1498 [38.1 s]	validation=(ndcg:0.3146), test=(ndcg:0.2924) [47.9 s]
Epoch 70  loss=0.1481 [38.1 s]	validation=(ndcg:0.3145), test=(ndcg:0.2921) [37.0 s]
Epoch 71  loss=0.1466 [40.3 s]	validation=(ndcg:0.3150), test=(ndcg:0.2925) [48.4 s]
Epoch 72  loss=0.1452 [38.5 s]	validation=(ndcg:0.3149), test=(ndcg:0.2928) [42.1 s]
Epoch 73  loss=0.1437 [40.0 s]	validation=(ndcg:0.3148), test=(ndcg:0.2927) [50.8 s]
Epoch 74  loss=0.1429 [39.7 s]	validation=(ndcg:0.3148), test=(ndcg:0.2927) [53.3 s]
Epoch 75  loss=0.1418 [38.2 s]	validation=(ndcg:0.3150), test=(ndcg:0.2929) [43.5 s]
Epoch 76  loss=0.1402 [38.1 s]	validation=(ndcg:0.3150), test=(ndcg:0.2929) [43.0 s]
Epoch 77  loss=0.1380 [48.6 s]	validation=(ndcg:0.3153), test=(ndcg:0.2929) [43.8 s]
Epoch 78  loss=0.1372 [46.8 s]	validation=(ndcg:0.3152), test=(ndcg:0.2931) [48.6 s]
Epoch 79  loss=0.1360 [49.8 s]	validation=(ndcg:0.3156), test=(ndcg:0.2927) [46.6 s]
Epoch 80  loss=0.1349 [49.8 s]	validation=(ndcg:0.3156), test=(ndcg:0.2930) [39.3 s]
Epoch 81  loss=0.1334 [53.5 s]	validation=(ndcg:0.3158), test=(ndcg:0.2932) [23.3 s]
Epoch 82  loss=0.1321 [42.2 s]	validation=(ndcg:0.3158), test=(ndcg:0.2937) [49.6 s]
Epoch 83  loss=0.1314 [46.0 s]	validation=(ndcg:0.3162), test=(ndcg:0.2936) [36.5 s]
Epoch 84  loss=0.1301 [38.6 s]	validation=(ndcg:0.3165), test=(ndcg:0.2937) [34.8 s]
Epoch 85  loss=0.1292 [37.3 s]	validation=(ndcg:0.3165), test=(ndcg:0.2940) [25.3 s]
Epoch 86  loss=0.1284 [36.0 s]	validation=(ndcg:0.3164), test=(ndcg:0.2943) [19.6 s]
Epoch 87  loss=0.1263 [39.5 s]	validation=(ndcg:0.3166), test=(ndcg:0.2940) [15.7 s]
Epoch 88  loss=0.1247 [37.4 s]	validation=(ndcg:0.3172), test=(ndcg:0.2940) [14.2 s]
Epoch 89  loss=0.1245 [37.6 s]	validation=(ndcg:0.3170), test=(ndcg:0.2944) [13.5 s]
Epoch 90  loss=0.1230 [36.9 s]	validation=(ndcg:0.3169), test=(ndcg:0.2945) [26.3 s]
Epoch 91  loss=0.1219 [44.3 s]	validation=(ndcg:0.3169), test=(ndcg:0.2946) [40.1 s]
Epoch 92  loss=0.1210 [46.4 s]	validation=(ndcg:0.3167), test=(ndcg:0.2951) [49.2 s]
Epoch 93  loss=0.1200 [44.9 s]	validation=(ndcg:0.3174), test=(ndcg:0.2950) [36.8 s]
Epoch 94  loss=0.1184 [45.8 s]	validation=(ndcg:0.3169), test=(ndcg:0.2956) [33.1 s]
Epoch 95  loss=0.1169 [37.5 s]	validation=(ndcg:0.3168), test=(ndcg:0.2954) [13.1 s]
Epoch 96  loss=0.1160 [37.1 s]	validation=(ndcg:0.3166), test=(ndcg:0.2958) [13.0 s]
Epoch 97  loss=0.1145 [37.0 s]	validation=(ndcg:0.3169), test=(ndcg:0.2960) [18.9 s]
Epoch 98  loss=0.1142 [37.3 s]	validation=(ndcg:0.3168), test=(ndcg:0.2962) [13.2 s]
Epoch 99  loss=0.1128 [36.6 s]	validation=(ndcg:0.3167), test=(ndcg:0.2964) [13.1 s]
Epoch 100 loss=0.1115 [37.0 s]	validation=(ndcg:0.3167), test=(ndcg:0.2964) [13.3 s]
Epoch 101 loss=0.1105 [38.3 s]	validation=(ndcg:0.3168), test=(ndcg:0.2970) [53.4 s]
Epoch 102 loss=0.1093 [64.3 s]	validation=(ndcg:0.3173), test=(ndcg:0.2967) [23.5 s]
Epoch 103 loss=0.1086 [36.9 s]	validation=(ndcg:0.3172), test=(ndcg:0.2966) [13.6 s]
Epoch 104 loss=0.1082 [38.3 s]	validation=(ndcg:0.3172), test=(ndcg:0.2967) [13.5 s]
Epoch 105 loss=0.1064 [37.8 s]	validation=(ndcg:0.3175), test=(ndcg:0.2967) [21.4 s]
Epoch 106 loss=0.1049 [36.3 s]	validation=(ndcg:0.3171), test=(ndcg:0.2970) [13.4 s]
Epoch 107 loss=0.1045 [39.6 s]	validation=(ndcg:0.3174), test=(ndcg:0.2967) [36.9 s]
Epoch 108 loss=0.1028 [39.2 s]	validation=(ndcg:0.3177), test=(ndcg:0.2966) [31.6 s]
Epoch 109 loss=0.1024 [39.3 s]	validation=(ndcg:0.3180), test=(ndcg:0.2965) [22.3 s]
Epoch 110 loss=0.1009 [39.1 s]	validation=(ndcg:0.3178), test=(ndcg:0.2963) [13.8 s]
Epoch 111 loss=0.1003 [37.6 s]	validation=(ndcg:0.3181), test=(ndcg:0.2958) [14.9 s]
Epoch 112 loss=0.0994 [36.6 s]	validation=(ndcg:0.3181), test=(ndcg:0.2959) [13.6 s]
Epoch 113 loss=0.0989 [37.9 s]	validation=(ndcg:0.3180), test=(ndcg:0.2964) [19.7 s]
Epoch 114 loss=0.0973 [37.8 s]	validation=(ndcg:0.3183), test=(ndcg:0.2965) [31.3 s]
Epoch 115 loss=0.0959 [39.5 s]	validation=(ndcg:0.3182), test=(ndcg:0.2965) [13.7 s]
Epoch 116 loss=0.0953 [37.1 s]	validation=(ndcg:0.3178), test=(ndcg:0.2965) [13.3 s]
Epoch 117 loss=0.0944 [37.3 s]	validation=(ndcg:0.3182), test=(ndcg:0.2967) [19.2 s]
Epoch 118 loss=0.0938 [37.1 s]	validation=(ndcg:0.3187), test=(ndcg:0.2969) [15.1 s]
Epoch 119 loss=0.0925 [37.0 s]	validation=(ndcg:0.3185), test=(ndcg:0.2968) [13.7 s]
Epoch 120 loss=0.0917 [36.9 s]	validation=(ndcg:0.3184), test=(ndcg:0.2972) [19.3 s]
Epoch 121 loss=0.0911 [37.3 s]	validation=(ndcg:0.3185), test=(ndcg:0.2975) [13.6 s]
Epoch 122 loss=0.0893 [40.5 s]	validation=(ndcg:0.3186), test=(ndcg:0.2973) [39.1 s]
Epoch 123 loss=0.0881 [36.8 s]	validation=(ndcg:0.3187), test=(ndcg:0.2974) [13.7 s]
Epoch 124 loss=0.0879 [37.1 s]	validation=(ndcg:0.3192), test=(ndcg:0.2971) [20.5 s]
Epoch 125 loss=0.0866 [37.3 s]	validation=(ndcg:0.3191), test=(ndcg:0.2972) [13.6 s]
Epoch 126 loss=0.0856 [37.2 s]	validation=(ndcg:0.3192), test=(ndcg:0.2970) [13.4 s]
Epoch 127 loss=0.0852 [37.1 s]	validation=(ndcg:0.3193), test=(ndcg:0.2975) [48.1 s]
Epoch 128 loss=0.0839 [42.6 s]	validation=(ndcg:0.3191), test=(ndcg:0.2973) [29.7 s]
Epoch 129 loss=0.0837 [37.8 s]	validation=(ndcg:0.3190), test=(ndcg:0.2978) [13.6 s]
Epoch 130 loss=0.0828 [37.6 s]	validation=(ndcg:0.3193), test=(ndcg:0.2978) [14.2 s]
Epoch 131 loss=0.0810 [36.8 s]	validation=(ndcg:0.3194), test=(ndcg:0.2979) [14.4 s]
Epoch 132 loss=0.0806 [37.2 s]	validation=(ndcg:0.3191), test=(ndcg:0.2981) [32.5 s]
Epoch 133 loss=0.0798 [56.2 s]	validation=(ndcg:0.3194), test=(ndcg:0.2980) [22.5 s]
Epoch 134 loss=0.0795 [37.2 s]	validation=(ndcg:0.3193), test=(ndcg:0.2980) [13.4 s]
Epoch 135 loss=0.0785 [37.9 s]	validation=(ndcg:0.3192), test=(ndcg:0.2979) [14.1 s]
Epoch 136 loss=0.0770 [37.8 s]	validation=(ndcg:0.3188), test=(ndcg:0.2982) [20.3 s]
Epoch 137 loss=0.0762 [37.0 s]	validation=(ndcg:0.3185), test=(ndcg:0.2981) [14.2 s]

Early stop at 137 based on validation result.

Best Iter(validation)= 131	 valid = 0.3194, test = 0.2979
Best Iter(test)= 136	 valid = 0.3188, test = 0.2982

Top@5
Validation: precision = 0.1300, recall = 0.2962, f1 = 0.1807, ndcg = 0.2915
Test:       precision = 0.1234, recall = 0.2808, f1 = 0.1715, ndcg = 0.2738
[10433.2 s]

Top@10
Validation: precision = 0.0794, recall = 0.3484, f1 = 0.1293, ndcg = 0.3133
Test:       precision = 0.0756, recall = 0.3325, f1 = 0.1232, ndcg = 0.2952
[10595.2 s]

Fold 4
Training start...
#params: 12510387
Epoch 1   loss=0.6372 [37.2 s]	validation=(ndcg:0.2059), test=(ndcg:0.1994) [14.5 s]
Epoch 2   loss=0.6325 [38.4 s]	validation=(ndcg:0.2120), test=(ndcg:0.2048) [14.1 s]
Epoch 3   loss=0.6278 [38.0 s]	validation=(ndcg:0.2419), test=(ndcg:0.2280) [20.6 s]
Epoch 4   loss=0.6220 [37.7 s]	validation=(ndcg:0.2669), test=(ndcg:0.2518) [14.4 s]
Epoch 5   loss=0.6131 [37.2 s]	validation=(ndcg:0.2766), test=(ndcg:0.2621) [14.1 s]
Epoch 6   loss=0.5997 [37.9 s]	validation=(ndcg:0.2812), test=(ndcg:0.2666) [14.0 s]
Epoch 7   loss=0.5813 [37.2 s]	validation=(ndcg:0.2848), test=(ndcg:0.2685) [22.0 s]
Epoch 8   loss=0.5586 [37.2 s]	validation=(ndcg:0.2863), test=(ndcg:0.2695) [14.8 s]
Epoch 9   loss=0.5330 [37.4 s]	validation=(ndcg:0.2872), test=(ndcg:0.2700) [15.1 s]
Epoch 10  loss=0.5058 [37.7 s]	validation=(ndcg:0.2869), test=(ndcg:0.2700) [31.6 s]
Epoch 11  loss=0.4785 [40.5 s]	validation=(ndcg:0.2859), test=(ndcg:0.2692) [20.3 s]
Epoch 12  loss=0.4526 [37.0 s]	validation=(ndcg:0.2847), test=(ndcg:0.2677) [13.7 s]
Epoch 13  loss=0.4283 [37.8 s]	validation=(ndcg:0.2832), test=(ndcg:0.2663) [13.6 s]
Epoch 14  loss=0.4065 [37.6 s]	validation=(ndcg:0.2825), test=(ndcg:0.2655) [13.7 s]
Epoch 15  loss=0.3866 [37.2 s]	validation=(ndcg:0.2826), test=(ndcg:0.2645) [27.5 s]
Epoch 16  loss=0.3695 [70.2 s]	validation=(ndcg:0.2823), test=(ndcg:0.2643) [15.2 s]
Epoch 17  loss=0.3543 [36.9 s]	validation=(ndcg:0.2824), test=(ndcg:0.2645) [13.3 s]
Epoch 18  loss=0.3404 [39.2 s]	validation=(ndcg:0.2818), test=(ndcg:0.2646) [13.6 s]
Epoch 19  loss=0.3287 [38.6 s]	validation=(ndcg:0.2815), test=(ndcg:0.2646) [20.0 s]
Epoch 20  loss=0.3178 [37.8 s]	validation=(ndcg:0.2822), test=(ndcg:0.2649) [13.6 s]
Epoch 21  loss=0.3075 [37.7 s]	validation=(ndcg:0.2817), test=(ndcg:0.2652) [14.2 s]
Epoch 22  loss=0.2995 [38.9 s]	validation=(ndcg:0.2822), test=(ndcg:0.2658) [20.3 s]
Epoch 23  loss=0.2910 [38.3 s]	validation=(ndcg:0.2825), test=(ndcg:0.2659) [13.7 s]
Epoch 24  loss=0.2835 [37.3 s]	validation=(ndcg:0.2834), test=(ndcg:0.2667) [13.7 s]
Epoch 25  loss=0.2763 [37.8 s]	validation=(ndcg:0.2833), test=(ndcg:0.2671) [13.1 s]
Epoch 26  loss=0.2699 [37.4 s]	validation=(ndcg:0.2834), test=(ndcg:0.2674) [19.6 s]
Epoch 27  loss=0.2636 [40.4 s]	validation=(ndcg:0.2842), test=(ndcg:0.2679) [32.1 s]
Epoch 28  loss=0.2586 [36.9 s]	validation=(ndcg:0.2846), test=(ndcg:0.2684) [13.6 s]
Epoch 29  loss=0.2539 [37.5 s]	validation=(ndcg:0.2850), test=(ndcg:0.2694) [13.3 s]
Epoch 30  loss=0.2481 [37.5 s]	validation=(ndcg:0.2851), test=(ndcg:0.2699) [19.5 s]
Epoch 31  loss=0.2435 [36.8 s]	validation=(ndcg:0.2854), test=(ndcg:0.2699) [13.8 s]
Epoch 32  loss=0.2391 [37.4 s]	validation=(ndcg:0.2859), test=(ndcg:0.2706) [42.2 s]
Epoch 33  loss=0.2344 [51.1 s]	validation=(ndcg:0.2861), test=(ndcg:0.2711) [18.7 s]
Epoch 34  loss=0.2305 [37.4 s]	validation=(ndcg:0.2863), test=(ndcg:0.2714) [19.1 s]
Epoch 35  loss=0.2267 [37.2 s]	validation=(ndcg:0.2868), test=(ndcg:0.2717) [13.9 s]
Epoch 36  loss=0.2227 [37.0 s]	validation=(ndcg:0.2872), test=(ndcg:0.2719) [13.8 s]
Epoch 37  loss=0.2187 [37.6 s]	validation=(ndcg:0.2872), test=(ndcg:0.2722) [13.6 s]
Epoch 38  loss=0.2157 [38.3 s]	validation=(ndcg:0.2874), test=(ndcg:0.2726) [22.1 s]
Epoch 39  loss=0.2130 [37.2 s]	validation=(ndcg:0.2876), test=(ndcg:0.2728) [15.4 s]
Epoch 40  loss=0.2096 [38.3 s]	validation=(ndcg:0.2876), test=(ndcg:0.2729) [34.0 s]
Epoch 41  loss=0.2068 [44.5 s]	validation=(ndcg:0.2884), test=(ndcg:0.2729) [44.1 s]
Epoch 42  loss=0.2035 [55.0 s]	validation=(ndcg:0.2886), test=(ndcg:0.2733) [22.7 s]
Epoch 43  loss=0.2014 [37.4 s]	validation=(ndcg:0.2892), test=(ndcg:0.2735) [14.4 s]
Epoch 44  loss=0.1978 [38.5 s]	validation=(ndcg:0.2895), test=(ndcg:0.2739) [14.5 s]
Epoch 45  loss=0.1962 [39.5 s]	validation=(ndcg:0.2896), test=(ndcg:0.2737) [15.9 s]
Epoch 46  loss=0.1926 [37.4 s]	validation=(ndcg:0.2897), test=(ndcg:0.2739) [20.7 s]
Epoch 47  loss=0.1910 [37.3 s]	validation=(ndcg:0.2900), test=(ndcg:0.2744) [15.0 s]
Epoch 48  loss=0.1888 [38.2 s]	validation=(ndcg:0.2905), test=(ndcg:0.2750) [28.0 s]
Epoch 49  loss=0.1863 [39.1 s]	validation=(ndcg:0.2908), test=(ndcg:0.2750) [14.4 s]
Epoch 50  loss=0.1841 [38.0 s]	validation=(ndcg:0.2908), test=(ndcg:0.2751) [21.2 s]
Epoch 51  loss=0.1818 [37.8 s]	validation=(ndcg:0.2909), test=(ndcg:0.2751) [14.8 s]
Epoch 52  loss=0.1803 [38.2 s]	validation=(ndcg:0.2912), test=(ndcg:0.2751) [14.7 s]
Epoch 53  loss=0.1786 [37.6 s]	validation=(ndcg:0.2915), test=(ndcg:0.2758) [14.7 s]
Epoch 54  loss=0.1759 [37.2 s]	validation=(ndcg:0.2916), test=(ndcg:0.2760) [30.2 s]
Epoch 55  loss=0.1747 [38.4 s]	validation=(ndcg:0.2920), test=(ndcg:0.2765) [14.7 s]
Epoch 56  loss=0.1726 [37.9 s]	validation=(ndcg:0.2923), test=(ndcg:0.2769) [15.0 s]
Epoch 57  loss=0.1703 [37.6 s]	validation=(ndcg:0.2929), test=(ndcg:0.2773) [20.2 s]
Epoch 58  loss=0.1692 [37.2 s]	validation=(ndcg:0.2931), test=(ndcg:0.2780) [38.2 s]
Epoch 59  loss=0.1674 [57.0 s]	validation=(ndcg:0.2933), test=(ndcg:0.2782) [27.4 s]
Epoch 60  loss=0.1652 [37.7 s]	validation=(ndcg:0.2935), test=(ndcg:0.2781) [13.6 s]
Epoch 61  loss=0.1637 [37.5 s]	validation=(ndcg:0.2938), test=(ndcg:0.2783) [19.5 s]
Epoch 62  loss=0.1620 [38.2 s]	validation=(ndcg:0.2938), test=(ndcg:0.2784) [13.5 s]
Epoch 63  loss=0.1613 [37.0 s]	validation=(ndcg:0.2941), test=(ndcg:0.2786) [23.0 s]
Epoch 64  loss=0.1595 [61.1 s]	validation=(ndcg:0.2946), test=(ndcg:0.2784) [24.0 s]
Epoch 65  loss=0.1569 [36.9 s]	validation=(ndcg:0.2946), test=(ndcg:0.2789) [19.5 s]
Epoch 66  loss=0.1565 [37.0 s]	validation=(ndcg:0.2946), test=(ndcg:0.2788) [14.1 s]
Epoch 67  loss=0.1550 [37.7 s]	validation=(ndcg:0.2943), test=(ndcg:0.2792) [13.8 s]
Epoch 68  loss=0.1540 [39.0 s]	validation=(ndcg:0.2943), test=(ndcg:0.2794) [56.0 s]
Epoch 69  loss=0.1515 [38.9 s]	validation=(ndcg:0.2945), test=(ndcg:0.2794) [19.6 s]
Epoch 70  loss=0.1506 [39.3 s]	validation=(ndcg:0.2948), test=(ndcg:0.2795) [14.9 s]
Epoch 71  loss=0.1487 [37.2 s]	validation=(ndcg:0.2945), test=(ndcg:0.2794) [13.8 s]
Epoch 72  loss=0.1471 [37.1 s]	validation=(ndcg:0.2944), test=(ndcg:0.2800) [13.7 s]
Epoch 73  loss=0.1464 [46.1 s]	validation=(ndcg:0.2953), test=(ndcg:0.2799) [27.5 s]
Epoch 74  loss=0.1449 [37.5 s]	validation=(ndcg:0.2954), test=(ndcg:0.2799) [14.9 s]
Epoch 75  loss=0.1435 [38.6 s]	validation=(ndcg:0.2957), test=(ndcg:0.2799) [14.6 s]
Epoch 76  loss=0.1428 [39.3 s]	validation=(ndcg:0.2959), test=(ndcg:0.2801) [15.4 s]
Epoch 77  loss=0.1410 [39.5 s]	validation=(ndcg:0.2960), test=(ndcg:0.2802) [30.6 s]
Epoch 78  loss=0.1397 [40.0 s]	validation=(ndcg:0.2958), test=(ndcg:0.2807) [23.8 s]
Epoch 79  loss=0.1389 [37.3 s]	validation=(ndcg:0.2962), test=(ndcg:0.2807) [14.3 s]
Epoch 80  loss=0.1369 [39.1 s]	validation=(ndcg:0.2963), test=(ndcg:0.2810) [14.9 s]
Epoch 81  loss=0.1358 [38.0 s]	validation=(ndcg:0.2959), test=(ndcg:0.2810) [19.6 s]
Epoch 82  loss=0.1338 [37.4 s]	validation=(ndcg:0.2961), test=(ndcg:0.2810) [29.6 s]
Epoch 83  loss=0.1336 [37.4 s]	validation=(ndcg:0.2966), test=(ndcg:0.2810) [15.0 s]
Epoch 84  loss=0.1313 [38.1 s]	validation=(ndcg:0.2966), test=(ndcg:0.2811) [15.0 s]
Epoch 85  loss=0.1302 [38.3 s]	validation=(ndcg:0.2965), test=(ndcg:0.2812) [20.0 s]
Epoch 86  loss=0.1296 [37.1 s]	validation=(ndcg:0.2967), test=(ndcg:0.2814) [14.0 s]
Epoch 87  loss=0.1285 [37.7 s]	validation=(ndcg:0.2969), test=(ndcg:0.2812) [60.6 s]
Epoch 88  loss=0.1270 [38.2 s]	validation=(ndcg:0.2969), test=(ndcg:0.2814) [46.2 s]
Epoch 89  loss=0.1266 [38.7 s]	validation=(ndcg:0.2974), test=(ndcg:0.2817) [43.0 s]
Epoch 90  loss=0.1254 [39.1 s]	validation=(ndcg:0.2974), test=(ndcg:0.2816) [16.7 s]
Epoch 91  loss=0.1242 [39.6 s]	validation=(ndcg:0.2976), test=(ndcg:0.2820) [14.4 s]
Epoch 92  loss=0.1228 [37.5 s]	validation=(ndcg:0.2972), test=(ndcg:0.2820) [19.7 s]
Epoch 93  loss=0.1211 [37.3 s]	validation=(ndcg:0.2975), test=(ndcg:0.2823) [13.6 s]
Epoch 94  loss=0.1197 [38.6 s]	validation=(ndcg:0.2980), test=(ndcg:0.2823) [13.8 s]
Epoch 95  loss=0.1192 [37.7 s]	validation=(ndcg:0.2982), test=(ndcg:0.2822) [24.8 s]
Epoch 96  loss=0.1182 [52.6 s]	validation=(ndcg:0.2985), test=(ndcg:0.2822) [36.8 s]
Epoch 97  loss=0.1173 [44.2 s]	validation=(ndcg:0.2987), test=(ndcg:0.2821) [14.0 s]
Epoch 98  loss=0.1167 [37.4 s]	validation=(ndcg:0.2984), test=(ndcg:0.2824) [13.8 s]
Epoch 99  loss=0.1151 [38.0 s]	validation=(ndcg:0.2987), test=(ndcg:0.2820) [16.0 s]
Epoch 100 loss=0.1131 [38.2 s]	validation=(ndcg:0.2989), test=(ndcg:0.2826) [20.9 s]
Epoch 101 loss=0.1121 [37.2 s]	validation=(ndcg:0.2986), test=(ndcg:0.2824) [47.9 s]
Epoch 102 loss=0.1119 [38.4 s]	validation=(ndcg:0.2989), test=(ndcg:0.2828) [13.5 s]
Epoch 103 loss=0.1108 [36.7 s]	validation=(ndcg:0.2985), test=(ndcg:0.2823) [13.3 s]
Epoch 104 loss=0.1096 [37.0 s]	validation=(ndcg:0.2981), test=(ndcg:0.2826) [19.3 s]
Epoch 105 loss=0.1083 [37.1 s]	validation=(ndcg:0.2985), test=(ndcg:0.2822) [13.6 s]
Epoch 106 loss=0.1082 [48.1 s]	validation=(ndcg:0.2985), test=(ndcg:0.2824) [22.3 s]
Epoch 107 loss=0.1067 [42.4 s]	validation=(ndcg:0.2984), test=(ndcg:0.2825) [15.6 s]
Epoch 108 loss=0.1059 [37.7 s]	validation=(ndcg:0.2981), test=(ndcg:0.2825) [19.4 s]
Epoch 109 loss=0.1042 [39.3 s]	validation=(ndcg:0.2985), test=(ndcg:0.2824) [13.6 s]
Epoch 110 loss=0.1028 [39.3 s]	validation=(ndcg:0.2987), test=(ndcg:0.2820) [14.1 s]
Epoch 111 loss=0.1024 [37.8 s]	validation=(ndcg:0.2991), test=(ndcg:0.2821) [14.9 s]
Epoch 112 loss=0.1015 [37.6 s]	validation=(ndcg:0.2991), test=(ndcg:0.2821) [48.5 s]
Epoch 113 loss=0.1005 [40.7 s]	validation=(ndcg:0.2991), test=(ndcg:0.2824) [40.9 s]
Epoch 114 loss=0.0988 [39.2 s]	validation=(ndcg:0.2994), test=(ndcg:0.2825) [15.4 s]
Epoch 115 loss=0.0986 [39.2 s]	validation=(ndcg:0.2996), test=(ndcg:0.2823) [15.0 s]
Epoch 116 loss=0.0967 [37.3 s]	validation=(ndcg:0.2998), test=(ndcg:0.2824) [19.5 s]
Epoch 117 loss=0.0963 [38.8 s]	validation=(ndcg:0.2997), test=(ndcg:0.2830) [13.6 s]
Epoch 118 loss=0.0954 [38.7 s]	validation=(ndcg:0.2999), test=(ndcg:0.2830) [13.9 s]
Epoch 119 loss=0.0946 [38.1 s]	validation=(ndcg:0.3002), test=(ndcg:0.2828) [13.3 s]
Epoch 120 loss=0.0936 [44.6 s]	validation=(ndcg:0.2997), test=(ndcg:0.2828) [50.9 s]
Epoch 121 loss=0.0922 [55.6 s]	validation=(ndcg:0.2997), test=(ndcg:0.2828) [14.4 s]
Epoch 122 loss=0.0914 [37.6 s]	validation=(ndcg:0.2997), test=(ndcg:0.2827) [13.8 s]
Epoch 123 loss=0.0911 [37.6 s]	validation=(ndcg:0.2995), test=(ndcg:0.2832) [13.9 s]

Early stop at 123 based on validation result.

Best Iter(validation)= 119	 valid = 0.3002, test = 0.2828
Best Iter(test)= 123	 valid = 0.2995, test = 0.2832

Top@5
Validation: precision = 0.1291, recall = 0.2942, f1 = 0.1794, ndcg = 0.2894
Test:       precision = 0.1223, recall = 0.2783, f1 = 0.1699, ndcg = 0.2716
[7433.1 s]

Top@10
Validation: precision = 0.0785, recall = 0.3448, f1 = 0.1279, ndcg = 0.3106
Test:       precision = 0.0749, recall = 0.3288, f1 = 0.1220, ndcg = 0.2925
[7559.2 s]

Average in test dataset:
Top@5 : precision = 0.1228, recall = 0.2790, f1 = 0.1705, ndcg = 0.2723
Top@10: precision = 0.0752, recall = 0.3301, f1 = 0.1224, ndcg = 0.2935
